<?xml version="1.0" encoding="UTF-8"?>
<testng-results skipped="0" failed="0" ignored="0" total="1" passed="1">
  <reporter-output>
  </reporter-output>
  <suite name="Suite" duration-ms="15742" started-at="2017-11-14T07:54:39Z" finished-at="2017-11-14T07:54:55Z">
    <groups>
    </groups>
    <test name="Test" duration-ms="15742" started-at="2017-11-14T07:54:39Z" finished-at="2017-11-14T07:54:55Z">
      <class name="First.First">
        <test-method status="PASS" signature="beforeTest()[pri:0, instance:First.First@20e2cbe0]" name="beforeTest" is-config="true" duration-ms="11461" started-at="2017-11-14T13:24:39Z" finished-at="2017-11-14T13:24:51Z">
          <reporter-output>
          </reporter-output>
        </test-method> <!-- beforeTest -->
        <test-method status="PASS" signature="FirstSanity()[pri:0, instance:First.First@20e2cbe0]" name="FirstSanity" duration-ms="3769" started-at="2017-11-14T13:24:51Z" finished-at="2017-11-14T13:24:54Z">
          <reporter-output>
          </reporter-output>
        </test-method> <!-- FirstSanity -->
        <test-method status="PASS" signature="afterTest()[pri:0, instance:First.First@20e2cbe0]" name="afterTest" is-config="true" duration-ms="486" started-at="2017-11-14T13:24:54Z" finished-at="2017-11-14T13:24:55Z">
          <reporter-output>
          </reporter-output>
        </test-method> <!-- afterTest -->
      </class> <!-- First.First -->
    </test> <!-- Test -->
  </suite> <!-- Suite -->
</testng-results>
